<?xml version="1.0" encoding="UTF-8"?>
<!-- Generated by org.testng.reporters.JUnitReportReporter -->
<testsuite hostname="Angi-Dell" name="com.angi.junit.TestOnce" tests="2" failures="0" timestamp="8 Jan 2015 01:07:02 GMT" time="0.015" errors="0">
  <testcase name="testSub" time="0.003" classname="com.angi.junit.TestOnce"/>
  <testcase name="testAdd" time="0.012" classname="com.angi.junit.TestOnce"/>
</testsuite> <!-- com.angi.junit.TestOnce -->
