<?xml version="1.0" encoding="UTF-8"?>
<!-- Generated by org.testng.reporters.JUnitReportReporter -->
<testsuite hostname="Angi-Dell" name="com.angi.junit.TestFixture" tests="3" failures="0" timestamp="8 Jan 2015 01:09:28 GMT" time="0.031" errors="0">
  <testcase name="testException" time="0.001" classname="com.angi.junit.TestFixture"/>
  <testcase name="testTimeout" time="0.019" classname="com.angi.junit.TestFixture"/>
  <testcase name="testAdd" time="0.011" classname="com.angi.junit.TestFixture"/>
</testsuite> <!-- com.angi.junit.TestFixture -->
