<?xml version="1.0" encoding="UTF-8"?>
<!-- Generated by org.testng.reporters.JUnitReportReporter -->
<testsuite hostname="Angi-Dell" name="com.angi.junit.TestSample" tests="1" failures="0" timestamp="8 Jan 2015 10:06:23 GMT" time="0.033" errors="0">
  <testcase name="testAdd" time="0.033" classname="com.angi.junit.TestSample"/>
</testsuite> <!-- com.angi.junit.TestSample -->
